2026-05-29 21:11:07 | INFO     | previsao_pesca_v2_10.py:1233 | Inicio Previsao v2.10
2026-05-29 21:11:07 | INFO     | previsao_pesca_v2_10.py:377 | A obter previsao meteo (8 dias)...
2026-05-29 21:11:07 | INFO     | previsao_pesca_v2_10.py:436 | Ta media 5d: 25.3°C (de 5 dias validos)
2026-05-29 21:11:07 | INFO     | previsao_pesca_v2_10.py:1246 | Tw estimada: 25.4 C  (Ta_media=25.3 C, fonte_ok=True)
2026-05-29 21:11:07 | INFO     | previsao_pesca_v2_10.py:357 | === Hidrologia: cascata 3 camadas ===
2026-05-29 21:11:08 | INFO     | previsao_pesca_v2_10.py:236 | [PDF] PDF descarregado: 3,697,230 bytes de https://apambiente.pt/sites/default/files/_SNIAMB_Agua/DRH/MonitorizacaoAvaliacao/BoletimAlbufeiras/Semanal.pdf
2026-05-29 21:11:33 | INFO     | previsao_pesca_v2_10.py:253 | [PDF tabela] Pag.7 row=['', 'Castelo de Bode', 'Abastecimento e energia', '1 095 000', '994 000', '91%', '-1%']
2026-05-29 21:11:33 | INFO     | previsao_pesca_v2_10.py:265 | [PDF] pct_vals=[91.0]  vol_vals=[1095.0, 994.0]
2026-05-29 21:11:33 | INFO     | previsao_pesca_v2_10.py:270 | [PDF OK] Pag.7: Vol=994.0hm3  Pct=91.0%  Cota=116.3m
2026-05-29 21:11:33 | INFO     | previsao_pesca_v2_10.py:361 | Hidrologia OK via Camada 1 (PDF): nivel=116.3m  pct=91.0%
2026-05-29 21:11:33 | INFO     | previsao_pesca_v2_10.py:508 | A ler Capturas.csv...
2026-05-29 21:11:33 | INFO     | previsao_pesca_v2_10.py:521 | 10 sessoes lidas. Total: 11 peixes, 16.2 kg.
2026-05-29 21:11:33 | INFO     | previsao_pesca_v2_10.py:574 | Historico atualizado (2026-05-29): historico_temperaturas_castelo_bode.csv
2026-05-29 21:11:33 | INFO     | previsao_pesca_v2_10.py:598 | Excel mensal exportado: Capturas_Mensais_Agregadas.xlsx
2026-05-29 21:11:33 | INFO     | previsao_pesca_v2_10.py:987 | A gerar PDF: Previsao_Pesca_v2.10_20260529.pdf
2026-05-29 21:11:34 | INFO     | previsao_pesca_v2_10.py:1227 | PDF gerado com sucesso: Previsao_Pesca_v2.10_20260529.pdf
2026-05-29 21:11:34 | INFO     | previsao_pesca_v2_10.py:1275 | Fim do processo v2.10.
2026-05-29 21:21:48 | INFO     | previsao_pesca_v2_10.py:1245 | Inicio Previsao v2.10
2026-05-29 21:21:48 | INFO     | previsao_pesca_v2_10.py:389 | A obter previsao meteo (8 dias)...
2026-05-29 21:21:48 | INFO     | previsao_pesca_v2_10.py:448 | Ta media 5d: 25.3°C (de 5 dias validos)
2026-05-29 21:21:48 | INFO     | previsao_pesca_v2_10.py:1258 | Tw estimada: 25.4 C  (Ta_media=25.3 C, fonte_ok=True)
2026-05-29 21:21:48 | INFO     | previsao_pesca_v2_10.py:369 | === Hidrologia: cascata 3 camadas ===
2026-05-29 21:21:49 | INFO     | previsao_pesca_v2_10.py:248 | [PDF] PDF descarregado: 3,697,230 bytes de https://apambiente.pt/sites/default/files/_SNIAMB_Agua/DRH/MonitorizacaoAvaliacao/BoletimAlbufeiras/Semanal.pdf
2026-05-29 21:21:57 | INFO     | previsao_pesca_v2_10.py:265 | [PDF tabela] Pag.7 row=['', 'Castelo de Bode', 'Abastecimento e energia', '1 095 000', '994 000', '91%', '-1%']
2026-05-29 21:21:57 | INFO     | previsao_pesca_v2_10.py:277 | [PDF] pct_vals=[91.0]  vol_vals=[1095.0, 994.0]
2026-05-29 21:21:57 | INFO     | previsao_pesca_v2_10.py:282 | [PDF OK] Pag.7: Vol=994.0hm3  Pct=91.0%  Cota=116.3m
2026-05-29 21:21:57 | INFO     | previsao_pesca_v2_10.py:373 | Hidrologia OK via Camada 1 (PDF): nivel=116.3m  pct=91.0%
2026-05-29 21:21:57 | INFO     | previsao_pesca_v2_10.py:520 | A ler Capturas.csv...
2026-05-29 21:21:57 | INFO     | previsao_pesca_v2_10.py:533 | 10 sessoes lidas. Total: 11 peixes, 16.2 kg.
2026-05-29 21:21:57 | INFO     | previsao_pesca_v2_10.py:555 | Historico: 2026-05-29 ja registado, nao duplica.
2026-05-29 21:21:57 | INFO     | previsao_pesca_v2_10.py:610 | Excel mensal exportado: Capturas_Mensais_Agregadas.xlsx
2026-05-29 21:21:57 | INFO     | previsao_pesca_v2_10.py:999 | A gerar PDF: Previsao_Pesca_v2.10_20260529.pdf
2026-05-29 21:21:58 | INFO     | previsao_pesca_v2_10.py:1239 | PDF gerado com sucesso: Previsao_Pesca_v2.10_20260529.pdf
2026-05-29 21:21:58 | INFO     | previsao_pesca_v2_10.py:1287 | Fim do processo v2.10.
